[+] Containers:
 |- [+] Container: /Game/FirstPerson/Maps/FirstPersonMap
 |   |- [+] ActorDescs:
 |   |   |- Guid:0826C2F143AE384C65A2CD89CB742B73 BaseClass: NativeClass:/Script/Engine.StaticMeshActor Name:StaticMeshActor_UAID_D843AE612FD6F96102_1326764757 Label:SM_Cube24 SpatiallyLoaded:1 Bounds:IsValid=true, Min=(X=1800.000 Y=-60.000 Z=-750.000), Max=(X=1900.000 Y=940.000 Z=-50.000) RuntimeGrid:None EditorOnly:0 RuntimeOnly:0 HLODRelevant:1 ListedInSceneOutliner:1 IsMainWorldOnly:0 FolderPath:Playground FolderGuid:6C02BB504B69D1F3D7A624B130C18E5B
 |   |   |- Guid:0A3931B64B896B326784CDAC572756DE BaseClass: NativeClass:/Script/Engine.StaticMeshActor Name:StaticMeshActor_UAID_D843AE612FD6F96102_1286481754 Label:SM_Cube18 SpatiallyLoaded:1 Bounds:IsValid=true, Min=(X=3100.000 Y=890.000 Z=-50.000), Max=(X=3700.000 Y=990.000 Z=650.000) RuntimeGrid:None EditorOnly:0 RuntimeOnly:0 HLODRelevant:1 ListedInSceneOutliner:1 IsMainWorldOnly:0 FolderPath:Playground FolderGuid:6C02BB504B69D1F3D7A624B130C18E5B
 |   |   |- Guid:0FB4117B47ABA4690BEEAD808B67AE02 BaseClass: NativeClass:/Script/Engine.StaticMeshActor Name:StaticMeshActor_UAID_D843AE612FD6F96102_1386457761 Label:SM_Cube23 SpatiallyLoaded:1 Bounds:IsValid=true, Min=(X=2500.000 Y=990.000 Z=-50.000), Max=(X=3100.000 Y=1690.000 Z=50.000) RuntimeGrid:None EditorOnly:0 RuntimeOnly:0 HLODRelevant:1 ListedInSceneOutliner:1 IsMainWorldOnly:0 FolderPath:Playground FolderGuid:6C02BB504B69D1F3D7A624B130C18E5B
 |   |   |- Guid:1B7C20D744739A53510BDF9524CD7610 BaseClass: NativeClass:/Script/Engine.StaticMeshActor Name:StaticMeshActor_UAID_D843AE612FD6F96102_1366894759 Label:SM_Cube26 SpatiallyLoaded:1 Bounds:IsValid=true, Min=(X=2500.000 Y=890.000 Z=-750.000), Max=(X=3100.000 Y=990.000 Z=50.000) RuntimeGrid:None EditorOnly:0 RuntimeOnly:0 HLODRelevant:1 ListedInSceneOutliner:1 IsMainWorldOnly:0 FolderPath:Playground FolderGuid:6C02BB504B69D1F3D7A624B130C18E5B
 |   |   |- Guid:289EA1DD48C42852444D61BBFF074529 BaseClass: NativeClass:/Script/Engine.StaticMeshActor Name:StaticMeshActor_UAID_D843AE612FD6265F02_1428815517 Label:SM_Cube11 SpatiallyLoaded:1 Bounds:IsValid=true, Min=(X=0.000 Y=99940.000 Z=-50.000), Max=(X=1900.000 Y=100040.000 Z=650.000) RuntimeGrid:None EditorOnly:0 RuntimeOnly:0 HLODRelevant:1 ListedInSceneOutliner:1 IsMainWorldOnly:0 FolderPath:Playground FolderGuid:6C02BB504B69D1F3D7A624B130C18E5B
 |   |   |- Guid:2A48F0F444C5990DA65A1F9C2E9A2273 BaseClass: NativeClass:/Script/Engine.StaticMeshActor Name:StaticMeshActor_UAID_D843AE612FD6F96102_1289580755 Label:SM_Cube22 SpatiallyLoaded:1 Bounds:IsValid=true, Min=(X=1900.000 Y=-60.000 Z=-50.000), Max=(X=5850.000 Y=40.000 Z=650.000) RuntimeGrid:None EditorOnly:0 RuntimeOnly:0 HLODRelevant:1 ListedInSceneOutliner:1 IsMainWorldOnly:0 FolderPath:Playground FolderGuid:6C02BB504B69D1F3D7A624B130C18E5B
 |   |   |- Guid:2D314E834196B5940C52B680AEBCCC11 BaseClass: NativeClass:/Script/Engine.StaticMeshActor Name:StaticMeshActor_UAID_D843AE612FD6245F02_1703517151 Label:SM_Cube2 SpatiallyLoaded:1 Bounds:IsValid=true, Min=(X=0.000 Y=40.000 Z=-50.000), Max=(X=100.000 Y=890.000 Z=650.000) RuntimeGrid:None EditorOnly:0 RuntimeOnly:0 HLODRelevant:1 ListedInSceneOutliner:1 IsMainWorldOnly:0 FolderPath:Playground FolderGuid:6C02BB504B69D1F3D7A624B130C18E5B
 |   |   |- Guid:2FE989B34C49A1C023911DBF15207131 BaseClass: NativeClass:/Script/Engine.StaticMeshActor Name:StaticMeshActor_UAID_D843AE612FD6245F02_1715128152 Label:SM_Cube3 SpatiallyLoaded:1 Bounds:IsValid=true, Min=(X=0.000 Y=-60.000 Z=-50.000), Max=(X=1900.000 Y=40.000 Z=650.000) RuntimeGrid:None EditorOnly:0 RuntimeOnly:0 HLODRelevant:1 ListedInSceneOutliner:1 IsMainWorldOnly:0 FolderPath:Playground FolderGuid:6C02BB504B69D1F3D7A624B130C18E5B
 |   |   |- Guid:3487F08F42EDDDFDD3A785BB771AC099 BaseClass:/Game/PropsNStuff/LaserHasard_BP.LaserHasard_BP_C NativeClass:/Script/Engine.Actor Name:LaserHasard_BP_C_UAID_D843AE612FD6245F02_1921186160 Label:LaserHasard_BP3 SpatiallyLoaded:1 Bounds:IsValid=true, Min=(X=622.000 Y=202.500 Z=247.000), Max=(X=678.000 Y=727.500 Z=303.000) RuntimeGrid:None EditorOnly:0 RuntimeOnly:0 HLODRelevant:0 ListedInSceneOutliner:1 IsMainWorldOnly:0
 |   |   |- Guid:3959E4B340FA5A5459CE5983B27B9CDC BaseClass: NativeClass:/Script/Engine.StaticMeshActor Name:StaticMeshActor_UAID_D843AE612FD6265F02_1428813516 Label:SM_Cube10 SpatiallyLoaded:1 Bounds:IsValid=true, Min=(X=0.000 Y=100040.000 Z=-50.000), Max=(X=100.000 Y=100890.000 Z=650.000) RuntimeGrid:None EditorOnly:0 RuntimeOnly:0 HLODRelevant:1 ListedInSceneOutliner:1 IsMainWorldOnly:0 FolderPath:Playground FolderGuid:6C02BB504B69D1F3D7A624B130C18E5B
 |   |   |- Guid:48BDF86542A16C8263A4DA9FA3D3F413 BaseClass: NativeClass:/Script/Engine.StaticMeshActor Name:StaticMeshActor_UAID_D843AE612FD6F96102_1373899760 Label:SM_Cube27 SpatiallyLoaded:1 Bounds:IsValid=true, Min=(X=3700.000 Y=-60.000 Z=-750.000), Max=(X=3800.000 Y=940.000 Z=-50.000) RuntimeGrid:None EditorOnly:0 RuntimeOnly:0 HLODRelevant:1 ListedInSceneOutliner:1 IsMainWorldOnly:0 FolderPath:Playground FolderGuid:6C02BB504B69D1F3D7A624B130C18E5B
 |   |   |- Guid:557949A94C803F919AC720B0BFA81DC3 BaseClass: NativeClass:/Script/Engine.StaticMeshActor Name:StaticMeshActor_UAID_D843AE612FD6265F02_1428820522 Label:SM_Cube16 SpatiallyLoaded:1 Bounds:IsValid=true, Min=(X=100.000 Y=100040.000 Z=500.000), Max=(X=600.000 Y=100890.000 Z=650.000) RuntimeGrid:None EditorOnly:0 RuntimeOnly:0 HLODRelevant:1 ListedInSceneOutliner:1 IsMainWorldOnly:0 FolderPath:Playground FolderGuid:6C02BB504B69D1F3D7A624B130C18E5B
 |   |   |- Guid:565095DF420A44E5530007A09A70E00B BaseClass: NativeClass:/Script/Engine.StaticMeshActor Name:StaticMeshActor_UAID_D843AE612FD6265F02_1428816519 Label:SM_Cube13 SpatiallyLoaded:1 Bounds:IsValid=true, Min=(X=600.000 Y=100040.000 Z=-50.000), Max=(X=700.000 Y=100240.000 Z=650.000) RuntimeGrid:None EditorOnly:0 RuntimeOnly:0 HLODRelevant:1 ListedInSceneOutliner:1 IsMainWorldOnly:0 FolderPath:Playground FolderGuid:6C02BB504B69D1F3D7A624B130C18E5B
 |   |   |- Guid:5FE7584649BB6F09265329A6C57CFD0D BaseClass: NativeClass:/Script/Engine.VolumetricCloud Name:VolumetricCloud_0 Label:VolumetricCloud SpatiallyLoaded:0 Bounds:IsValid=true, Min=(X=0.000 Y=0.000 Z=820.000), Max=(X=0.000 Y=0.000 Z=820.000) RuntimeGrid:None EditorOnly:0 RuntimeOnly:0 HLODRelevant:0 ListedInSceneOutliner:1 IsMainWorldOnly:0 FolderPath:Lighting FolderGuid:0BA5F0A04EADB18E70D5B180D08FA34B
 |   |   |- Guid:61391D344900612A77DFC3BA3E354907 BaseClass: NativeClass:/Script/Engine.ExponentialHeightFog Name:ExponentialHeightFog_0 Label:ExponentialHeightFog SpatiallyLoaded:0 Bounds:IsValid=true, Min=(X=-5600.000 Y=-50.000 Z=-6850.000), Max=(X=-5600.000 Y=-50.000 Z=-6850.000) RuntimeGrid:None EditorOnly:0 RuntimeOnly:0 HLODRelevant:0 ListedInSceneOutliner:1 IsMainWorldOnly:0 FolderPath:Lighting FolderGuid:0BA5F0A04EADB18E70D5B180D08FA34B
 |   |   |- Guid:628C2B48437114D3C4D077A9D9675651 BaseClass: NativeClass:/Script/Engine.StaticMeshActor Name:StaticMeshActor_UAID_D843AE612FD6F96102_1408138762 Label:SM_Cube28 SpatiallyLoaded:1 Bounds:IsValid=true, Min=(X=1900.000 Y=890.000 Z=-750.000), Max=(X=2500.000 Y=990.000 Z=-50.000) RuntimeGrid:None EditorOnly:0 RuntimeOnly:0 HLODRelevant:1 ListedInSceneOutliner:1 IsMainWorldOnly:0 FolderPath:Playground FolderGuid:6C02BB504B69D1F3D7A624B130C18E5B
 |   |   |- Guid:6FEFB3BD4EB37B849EF0D4AC80F83855 BaseClass: NativeClass:/Script/Engine.WorldDataLayers Name:WorldDataLayers Label:WorldDataLayers SpatiallyLoaded:0 Bounds:IsValid=true, Min=(X=0.000 Y=0.000 Z=0.000), Max=(X=0.000 Y=0.000 Z=0.000) RuntimeGrid:None EditorOnly:0 RuntimeOnly:0 HLODRelevant:0 ListedInSceneOutliner:1 IsMainWorldOnly:1
 |   |   |- Guid:76D7030C429D8CE4296599B1CE25CF02 BaseClass: NativeClass:/Script/Engine.StaticMeshActor Name:StaticMeshActor_UAID_D843AE612FD6245F02_1744038154 Label:SM_Cube5 SpatiallyLoaded:1 Bounds:IsValid=true, Min=(X=600.000 Y=40.000 Z=-50.000), Max=(X=700.000 Y=240.000 Z=650.000) RuntimeGrid:None EditorOnly:0 RuntimeOnly:0 HLODRelevant:1 ListedInSceneOutliner:1 IsMainWorldOnly:0 FolderPath:Playground FolderGuid:6C02BB504B69D1F3D7A624B130C18E5B
 |   |   |- Guid:78CAF7514C7533F30BD2F19A017AAB65 BaseClass: NativeClass:/Script/Engine.StaticMeshActor Name:StaticMeshActor_0 Label:SM_Cube SpatiallyLoaded:1 Bounds:IsValid=true, Min=(X=0.000 Y=40.000 Z=-50.000), Max=(X=1900.000 Y=890.000 Z=0.000) RuntimeGrid:None EditorOnly:0 RuntimeOnly:0 HLODRelevant:1 ListedInSceneOutliner:1 IsMainWorldOnly:0 FolderPath:Playground FolderGuid:6C02BB504B69D1F3D7A624B130C18E5B
 |   |   |- Guid:8324246447735A69CEF4179E50268B25 BaseClass: NativeClass:/Script/Engine.StaticMeshActor Name:StaticMeshActor_UAID_D843AE612FD6F96102_1280793753 Label:SM_Cube17 SpatiallyLoaded:1 Bounds:IsValid=true, Min=(X=1900.000 Y=890.000 Z=-50.000), Max=(X=2500.000 Y=990.000 Z=650.000) RuntimeGrid:None EditorOnly:0 RuntimeOnly:0 HLODRelevant:1 ListedInSceneOutliner:1 IsMainWorldOnly:0 FolderPath:Playground FolderGuid:6C02BB504B69D1F3D7A624B130C18E5B
 |   |   |- Guid:92A0E3D849F8ABC4461118A158C3672D BaseClass: NativeClass:/Script/Engine.StaticMeshActor Name:StaticMeshActor_UAID_D843AE612FD6265F02_1428818520 Label:SM_Cube14 SpatiallyLoaded:1 Bounds:IsValid=true, Min=(X=600.000 Y=100690.000 Z=0.000), Max=(X=700.000 Y=100890.000 Z=650.000) RuntimeGrid:None EditorOnly:0 RuntimeOnly:0 HLODRelevant:1 ListedInSceneOutliner:1 IsMainWorldOnly:0 FolderPath:Playground FolderGuid:6C02BB504B69D1F3D7A624B130C18E5B
 |   |   |- Guid:9942B1194742C81AD8FEADA3758FCFFE BaseClass:/Game/PropsNStuff/TUTMSGS/TSTut_BP.TSTut_BP_C NativeClass:/Script/Engine.Actor Name:TSTut_BP_C_UAID_D843AE612FD6255F02_1549946338 Label:TSTut_BP SpatiallyLoaded:1 Bounds:IsValid=true, Min=(X=444.000 Y=157.000 Z=50.000), Max=(X=460.000 Y=733.000 Z=290.000) RuntimeGrid:None EditorOnly:0 RuntimeOnly:0 HLODRelevant:0 ListedInSceneOutliner:1 IsMainWorldOnly:0
 |   |   |- Guid:A162DA9143278B00611D0198AC1A261E BaseClass: NativeClass:/Script/Engine.StaticMeshActor Name:StaticMeshActor_UAID_D843AE612FD6265F02_1428819521 Label:SM_Cube15 SpatiallyLoaded:1 Bounds:IsValid=true, Min=(X=600.000 Y=100240.000 Z=350.000), Max=(X=700.000 Y=100690.000 Z=650.000) RuntimeGrid:None EditorOnly:0 RuntimeOnly:0 HLODRelevant:1 ListedInSceneOutliner:1 IsMainWorldOnly:0 FolderPath:Playground FolderGuid:6C02BB504B69D1F3D7A624B130C18E5B
 |   |   |- Guid:A1D1F5E845C0907D3C013E90B30A5D37 BaseClass: NativeClass:/Script/Engine.StaticMeshActor Name:StaticMeshActor_UAID_D843AE612FD6265F02_1632045526 Label:SM_Cube19 SpatiallyLoaded:1 Bounds:IsValid=true, Min=(X=3700.000 Y=100040.000 Z=-50.000), Max=(X=4600.000 Y=100890.000 Z=0.000) RuntimeGrid:None EditorOnly:0 RuntimeOnly:0 HLODRelevant:1 ListedInSceneOutliner:1 IsMainWorldOnly:0 FolderPath:Playground FolderGuid:6C02BB504B69D1F3D7A624B130C18E5B
 |   |   |- Guid:A354B1B24E617A525DC6B48CCDE2417E BaseClass: NativeClass:/Script/Engine.PlayerStart Name:PlayerStart_0 Label:PlayerStart SpatiallyLoaded:0 Bounds:IsValid=true, Min=(X=95.000 Y=435.000 Z=0.013), Max=(X=175.000 Y=515.000 Z=184.013) RuntimeGrid:None EditorOnly:0 RuntimeOnly:0 HLODRelevant:0 ListedInSceneOutliner:1 IsMainWorldOnly:0
 |   |   |- Guid:A5E611724ED3DB252AFE1EBF113EC476 BaseClass: NativeClass:/Script/Engine.StaticMeshActor Name:StaticMeshActor_UAID_D843AE612FD6245F02_1770447156 Label:SM_Cube7 SpatiallyLoaded:1 Bounds:IsValid=true, Min=(X=600.000 Y=240.000 Z=350.000), Max=(X=700.000 Y=690.000 Z=650.000) RuntimeGrid:None EditorOnly:0 RuntimeOnly:0 HLODRelevant:1 ListedInSceneOutliner:1 IsMainWorldOnly:0 FolderPath:Playground FolderGuid:6C02BB504B69D1F3D7A624B130C18E5B
 |   |   |- Guid:AD7322D5457FEBDCD4C55E9A02154D38 BaseClass: NativeClass:/Script/Engine.StaticMeshActor Name:StaticMeshActor_UAID_D843AE612FD6F96102_1411642763 Label:SM_Cube29 SpatiallyLoaded:1 Bounds:IsValid=true, Min=(X=3100.000 Y=890.000 Z=-750.000), Max=(X=3700.000 Y=990.000 Z=-50.000) RuntimeGrid:None EditorOnly:0 RuntimeOnly:0 HLODRelevant:1 ListedInSceneOutliner:1 IsMainWorldOnly:0 FolderPath:Playground FolderGuid:6C02BB504B69D1F3D7A624B130C18E5B
 |   |   |- Guid:B80E55AC40E4F5D4944DEA807685F38C BaseClass: NativeClass:/Script/Engine.StaticMeshActor Name:StaticMeshActor_UAID_D843AE612FD6F96102_1197925751 Label:SM_Cube20 SpatiallyLoaded:1 Bounds:IsValid=true, Min=(X=3700.000 Y=40.000 Z=-50.000), Max=(X=5000.000 Y=890.000 Z=0.000) RuntimeGrid:None EditorOnly:0 RuntimeOnly:0 HLODRelevant:1 ListedInSceneOutliner:1 IsMainWorldOnly:0 FolderPath:Playground FolderGuid:6C02BB504B69D1F3D7A624B130C18E5B
 |   |   |- Guid:BA77A12F43BB0D070493A78B39DE174F BaseClass: NativeClass:/Script/Engine.StaticMeshActor Name:StaticMeshActor_UAID_D843AE612FD6265F02_1428812515 Label:SM_Cube9 SpatiallyLoaded:1 Bounds:IsValid=true, Min=(X=0.000 Y=100040.000 Z=-50.000), Max=(X=1900.000 Y=100890.000 Z=0.000) RuntimeGrid:None EditorOnly:0 RuntimeOnly:0 HLODRelevant:1 ListedInSceneOutliner:1 IsMainWorldOnly:0 FolderPath:Playground FolderGuid:6C02BB504B69D1F3D7A624B130C18E5B
 |   |   |- Guid:C22CE07C4B87D685137FDBBC10FC92C6 BaseClass: NativeClass:/Script/Engine.SkyAtmosphere Name:SkyAtmosphere_0 Label:SkyAtmosphere SpatiallyLoaded:0 Bounds:IsValid=true, Min=(X=0.000 Y=0.000 Z=1020.000), Max=(X=0.000 Y=0.000 Z=1020.000) RuntimeGrid:None EditorOnly:0 RuntimeOnly:0 HLODRelevant:0 ListedInSceneOutliner:1 IsMainWorldOnly:0 FolderPath:Lighting FolderGuid:0BA5F0A04EADB18E70D5B180D08FA34B
 |   |   |- Guid:CBFF60CB47E8FF0C9E264BBE225022C1 BaseClass: NativeClass:/Script/Engine.StaticMeshActor Name:StaticMeshActor_UAID_D843AE612FD6F96102_1227372752 Label:SM_Cube21 SpatiallyLoaded:1 Bounds:IsValid=true, Min=(X=5000.000 Y=40.000 Z=-50.000), Max=(X=5850.000 Y=2515.000 Z=0.000) RuntimeGrid:None EditorOnly:0 RuntimeOnly:0 HLODRelevant:1 ListedInSceneOutliner:1 IsMainWorldOnly:0 FolderPath:Playground FolderGuid:6C02BB504B69D1F3D7A624B130C18E5B
 |   |   |- Guid:CE8D82634660FCDB3120E2B8D547C533 BaseClass: NativeClass:/Script/Engine.PostProcessVolume Name:PostProcessVolume_0 Label:PostProcessVolume SpatiallyLoaded:0 Bounds:IsValid=true, Min=(X=0.000 Y=0.000 Z=400.000), Max=(X=200.000 Y=200.000 Z=600.000) RuntimeGrid:None EditorOnly:0 RuntimeOnly:0 HLODRelevant:0 ListedInSceneOutliner:1 IsMainWorldOnly:0 FolderPath:Lighting FolderGuid:0BA5F0A04EADB18E70D5B180D08FA34B
 |   |   |- Guid:CFE8BC83497FE7BE0C56A29094925B93 BaseClass: NativeClass:/Script/Engine.StaticMeshActor Name:StaticMeshActor_UAID_D843AE612FD6F96102_1348805758 Label:SM_Cube25 SpatiallyLoaded:1 Bounds:IsValid=true, Min=(X=1900.000 Y=-60.000 Z=-750.000), Max=(X=3825.000 Y=40.000 Z=-50.000) RuntimeGrid:None EditorOnly:0 RuntimeOnly:0 HLODRelevant:1 ListedInSceneOutliner:1 IsMainWorldOnly:0 FolderPath:Playground FolderGuid:6C02BB504B69D1F3D7A624B130C18E5B
 |   |   |- Guid:D403FD8944DF8AD3AA18A89AFA33ADD4 BaseClass: NativeClass:/Script/Engine.StaticMeshActor Name:StaticMeshActor_UAID_D843AE612FD6265F02_1428816518 Label:SM_Cube12 SpatiallyLoaded:1 Bounds:IsValid=true, Min=(X=0.000 Y=100890.000 Z=-50.000), Max=(X=1900.000 Y=100990.000 Z=650.000) RuntimeGrid:None EditorOnly:0 RuntimeOnly:0 HLODRelevant:1 ListedInSceneOutliner:1 IsMainWorldOnly:0 FolderPath:Playground FolderGuid:6C02BB504B69D1F3D7A624B130C18E5B
 |   |   |- Guid:E07D59F14F058A7E91D0C89A11B19695 BaseClass: NativeClass:/Script/Engine.StaticMeshActor Name:StaticMeshActor_UAID_D843AE612FD6245F02_1766869155 Label:SM_Cube6 SpatiallyLoaded:1 Bounds:IsValid=true, Min=(X=600.000 Y=690.000 Z=0.000), Max=(X=700.000 Y=890.000 Z=650.000) RuntimeGrid:None EditorOnly:0 RuntimeOnly:0 HLODRelevant:1 ListedInSceneOutliner:1 IsMainWorldOnly:0 FolderPath:Playground FolderGuid:6C02BB504B69D1F3D7A624B130C18E5B
 |   |   |- Guid:E2D96FB24E6A331CB91A37A067621540 BaseClass:/Game/PropsNStuff/LaserHasard_BP.LaserHasard_BP_C NativeClass:/Script/Engine.Actor Name:LaserHasard_BP_C_UAID_D843AE612FD6245F02_1924327161 Label:LaserHasard_BP4 SpatiallyLoaded:1 Bounds:IsValid=true, Min=(X=622.000 Y=202.500 Z=142.000), Max=(X=678.000 Y=727.500 Z=198.000) RuntimeGrid:None EditorOnly:0 RuntimeOnly:0 HLODRelevant:0 ListedInSceneOutliner:1 IsMainWorldOnly:0
 |   |   |- Guid:E5320C1B4FD9764CE7B54D8487AEC613 BaseClass: NativeClass:/Script/Engine.SkyLight Name:SkyLight_0 Label:SkyLight SpatiallyLoaded:0 Bounds:IsValid=true, Min=(X=0.000 Y=0.000 Z=690.000), Max=(X=0.000 Y=0.000 Z=690.000) RuntimeGrid:None EditorOnly:0 RuntimeOnly:0 HLODRelevant:0 ListedInSceneOutliner:1 IsMainWorldOnly:0 FolderPath:Lighting FolderGuid:0BA5F0A04EADB18E70D5B180D08FA34B
 |   |   |- Guid:EBC990054CA8FF31FAC2ACA2E6A19333 BaseClass:/Game/PropsNStuff/LaserHasard_BP.LaserHasard_BP_C NativeClass:/Script/Engine.Actor Name:LaserHasard_BP_C_UAID_D843AE612FD6245F02_1887908159 Label:LaserHasard_BP2 SpatiallyLoaded:1 Bounds:IsValid=true, Min=(X=622.000 Y=202.500 Z=42.000), Max=(X=678.000 Y=727.500 Z=98.000) RuntimeGrid:None EditorOnly:0 RuntimeOnly:0 HLODRelevant:0 ListedInSceneOutliner:1 IsMainWorldOnly:0
 |   |   |- Guid:EE66F4454A4A9F99393F559AB739C05E BaseClass:/Game/FirstPerson/Blueprints/BP_Pickup_Rifle.BP_Pickup_Rifle_C NativeClass:/Script/Engine.Actor Name:BP_Rifle_C_1 Label:BP_Pickup_Rifle SpatiallyLoaded:1 Bounds:IsValid=true, Min=(X=1378.000 Y=818.000 Z=64.000), Max=(X=1442.000 Y=882.000 Z=128.000) RuntimeGrid:None EditorOnly:0 RuntimeOnly:0 HLODRelevant:0 ListedInSceneOutliner:1 IsMainWorldOnly:0
 |   |   |- Guid:F80621C9446867154938FE81375207DA BaseClass: NativeClass:/Script/Engine.DirectionalLight Name:DirectionalLight_1 Label:DirectionalLight SpatiallyLoaded:0 Bounds:IsValid=true, Min=(X=-1048576.000 Y=-1048576.000 Z=-1048576.000), Max=(X=1048576.000 Y=1048576.000 Z=1048576.000) RuntimeGrid:None EditorOnly:0 RuntimeOnly:0 HLODRelevant:0 ListedInSceneOutliner:1 IsMainWorldOnly:0 FolderPath:Lighting FolderGuid:0BA5F0A04EADB18E70D5B180D08FA34B
 |   |   |- Guid:FC71DAAB47CC152FAA0E0E9F1A770F85 BaseClass: NativeClass:/Script/Engine.StaticMeshActor Name:StaticMeshActor_UAID_D843AE612FD6245F02_1730913153 Label:SM_Cube4 SpatiallyLoaded:1 Bounds:IsValid=true, Min=(X=0.000 Y=890.000 Z=-50.000), Max=(X=1900.000 Y=990.000 Z=650.000) RuntimeGrid:None EditorOnly:0 RuntimeOnly:0 HLODRelevant:1 ListedInSceneOutliner:1 IsMainWorldOnly:0 FolderPath:Playground FolderGuid:6C02BB504B69D1F3D7A624B130C18E5B
 |   |   |- Guid:FFF71A894DF5690EBB416BA14441AB86 BaseClass: NativeClass:/Script/Engine.StaticMeshActor Name:StaticMeshActor_UAID_D843AE612FD6245F02_1825152157 Label:SM_Cube8 SpatiallyLoaded:1 Bounds:IsValid=true, Min=(X=100.000 Y=40.000 Z=500.000), Max=(X=600.000 Y=890.000 Z=650.000) RuntimeGrid:None EditorOnly:0 RuntimeOnly:0 HLODRelevant:1 ListedInSceneOutliner:1 IsMainWorldOnly:0 FolderPath:Playground FolderGuid:6C02BB504B69D1F3D7A624B130C18E5B
 |   |- [+] Clusters:
 |   |   |- [+] [  0]
 |   |   |   |- Guid:0826C2F143AE384C65A2CD89CB742B73 BaseClass: NativeClass:/Script/Engine.StaticMeshActor Name:StaticMeshActor_UAID_D843AE612FD6F96102_1326764757 Label:SM_Cube24 SpatiallyLoaded:1 Bounds:IsValid=true, Min=(X=1800.000 Y=-60.000 Z=-750.000), Max=(X=1900.000 Y=940.000 Z=-50.000) RuntimeGrid:None EditorOnly:0 RuntimeOnly:0 HLODRelevant:1 ListedInSceneOutliner:1 IsMainWorldOnly:0 FolderPath:Playground FolderGuid:6C02BB504B69D1F3D7A624B130C18E5B
 |   |   |- [+] [  1]
 |   |   |   |- Guid:0A3931B64B896B326784CDAC572756DE BaseClass: NativeClass:/Script/Engine.StaticMeshActor Name:StaticMeshActor_UAID_D843AE612FD6F96102_1286481754 Label:SM_Cube18 SpatiallyLoaded:1 Bounds:IsValid=true, Min=(X=3100.000 Y=890.000 Z=-50.000), Max=(X=3700.000 Y=990.000 Z=650.000) RuntimeGrid:None EditorOnly:0 RuntimeOnly:0 HLODRelevant:1 ListedInSceneOutliner:1 IsMainWorldOnly:0 FolderPath:Playground FolderGuid:6C02BB504B69D1F3D7A624B130C18E5B
 |   |   |- [+] [  2]
 |   |   |   |- Guid:0FB4117B47ABA4690BEEAD808B67AE02 BaseClass: NativeClass:/Script/Engine.StaticMeshActor Name:StaticMeshActor_UAID_D843AE612FD6F96102_1386457761 Label:SM_Cube23 SpatiallyLoaded:1 Bounds:IsValid=true, Min=(X=2500.000 Y=990.000 Z=-50.000), Max=(X=3100.000 Y=1690.000 Z=50.000) RuntimeGrid:None EditorOnly:0 RuntimeOnly:0 HLODRelevant:1 ListedInSceneOutliner:1 IsMainWorldOnly:0 FolderPath:Playground FolderGuid:6C02BB504B69D1F3D7A624B130C18E5B
 |   |   |- [+] [  3]
 |   |   |   |- Guid:1B7C20D744739A53510BDF9524CD7610 BaseClass: NativeClass:/Script/Engine.StaticMeshActor Name:StaticMeshActor_UAID_D843AE612FD6F96102_1366894759 Label:SM_Cube26 SpatiallyLoaded:1 Bounds:IsValid=true, Min=(X=2500.000 Y=890.000 Z=-750.000), Max=(X=3100.000 Y=990.000 Z=50.000) RuntimeGrid:None EditorOnly:0 RuntimeOnly:0 HLODRelevant:1 ListedInSceneOutliner:1 IsMainWorldOnly:0 FolderPath:Playground FolderGuid:6C02BB504B69D1F3D7A624B130C18E5B
 |   |   |- [+] [  4]
 |   |   |   |- Guid:289EA1DD48C42852444D61BBFF074529 BaseClass: NativeClass:/Script/Engine.StaticMeshActor Name:StaticMeshActor_UAID_D843AE612FD6265F02_1428815517 Label:SM_Cube11 SpatiallyLoaded:1 Bounds:IsValid=true, Min=(X=0.000 Y=99940.000 Z=-50.000), Max=(X=1900.000 Y=100040.000 Z=650.000) RuntimeGrid:None EditorOnly:0 RuntimeOnly:0 HLODRelevant:1 ListedInSceneOutliner:1 IsMainWorldOnly:0 FolderPath:Playground FolderGuid:6C02BB504B69D1F3D7A624B130C18E5B
 |   |   |- [+] [  5]
 |   |   |   |- Guid:2A48F0F444C5990DA65A1F9C2E9A2273 BaseClass: NativeClass:/Script/Engine.StaticMeshActor Name:StaticMeshActor_UAID_D843AE612FD6F96102_1289580755 Label:SM_Cube22 SpatiallyLoaded:1 Bounds:IsValid=true, Min=(X=1900.000 Y=-60.000 Z=-50.000), Max=(X=5850.000 Y=40.000 Z=650.000) RuntimeGrid:None EditorOnly:0 RuntimeOnly:0 HLODRelevant:1 ListedInSceneOutliner:1 IsMainWorldOnly:0 FolderPath:Playground FolderGuid:6C02BB504B69D1F3D7A624B130C18E5B
 |   |   |- [+] [  6]
 |   |   |   |- Guid:2D314E834196B5940C52B680AEBCCC11 BaseClass: NativeClass:/Script/Engine.StaticMeshActor Name:StaticMeshActor_UAID_D843AE612FD6245F02_1703517151 Label:SM_Cube2 SpatiallyLoaded:1 Bounds:IsValid=true, Min=(X=0.000 Y=40.000 Z=-50.000), Max=(X=100.000 Y=890.000 Z=650.000) RuntimeGrid:None EditorOnly:0 RuntimeOnly:0 HLODRelevant:1 ListedInSceneOutliner:1 IsMainWorldOnly:0 FolderPath:Playground FolderGuid:6C02BB504B69D1F3D7A624B130C18E5B
 |   |   |- [+] [  7]
 |   |   |   |- Guid:2FE989B34C49A1C023911DBF15207131 BaseClass: NativeClass:/Script/Engine.StaticMeshActor Name:StaticMeshActor_UAID_D843AE612FD6245F02_1715128152 Label:SM_Cube3 SpatiallyLoaded:1 Bounds:IsValid=true, Min=(X=0.000 Y=-60.000 Z=-50.000), Max=(X=1900.000 Y=40.000 Z=650.000) RuntimeGrid:None EditorOnly:0 RuntimeOnly:0 HLODRelevant:1 ListedInSceneOutliner:1 IsMainWorldOnly:0 FolderPath:Playground FolderGuid:6C02BB504B69D1F3D7A624B130C18E5B
 |   |   |- [+] [  8]
 |   |   |   |- Guid:3487F08F42EDDDFDD3A785BB771AC099 BaseClass:/Game/PropsNStuff/LaserHasard_BP.LaserHasard_BP_C NativeClass:/Script/Engine.Actor Name:LaserHasard_BP_C_UAID_D843AE612FD6245F02_1921186160 Label:LaserHasard_BP3 SpatiallyLoaded:1 Bounds:IsValid=true, Min=(X=622.000 Y=202.500 Z=247.000), Max=(X=678.000 Y=727.500 Z=303.000) RuntimeGrid:None EditorOnly:0 RuntimeOnly:0 HLODRelevant:0 ListedInSceneOutliner:1 IsMainWorldOnly:0
 |   |   |- [+] [  9]
 |   |   |   |- Guid:3959E4B340FA5A5459CE5983B27B9CDC BaseClass: NativeClass:/Script/Engine.StaticMeshActor Name:StaticMeshActor_UAID_D843AE612FD6265F02_1428813516 Label:SM_Cube10 SpatiallyLoaded:1 Bounds:IsValid=true, Min=(X=0.000 Y=100040.000 Z=-50.000), Max=(X=100.000 Y=100890.000 Z=650.000) RuntimeGrid:None EditorOnly:0 RuntimeOnly:0 HLODRelevant:1 ListedInSceneOutliner:1 IsMainWorldOnly:0 FolderPath:Playground FolderGuid:6C02BB504B69D1F3D7A624B130C18E5B
 |   |   |- [+] [ 10]
 |   |   |   |- Guid:48BDF86542A16C8263A4DA9FA3D3F413 BaseClass: NativeClass:/Script/Engine.StaticMeshActor Name:StaticMeshActor_UAID_D843AE612FD6F96102_1373899760 Label:SM_Cube27 SpatiallyLoaded:1 Bounds:IsValid=true, Min=(X=3700.000 Y=-60.000 Z=-750.000), Max=(X=3800.000 Y=940.000 Z=-50.000) RuntimeGrid:None EditorOnly:0 RuntimeOnly:0 HLODRelevant:1 ListedInSceneOutliner:1 IsMainWorldOnly:0 FolderPath:Playground FolderGuid:6C02BB504B69D1F3D7A624B130C18E5B
 |   |   |- [+] [ 11]
 |   |   |   |- Guid:557949A94C803F919AC720B0BFA81DC3 BaseClass: NativeClass:/Script/Engine.StaticMeshActor Name:StaticMeshActor_UAID_D843AE612FD6265F02_1428820522 Label:SM_Cube16 SpatiallyLoaded:1 Bounds:IsValid=true, Min=(X=100.000 Y=100040.000 Z=500.000), Max=(X=600.000 Y=100890.000 Z=650.000) RuntimeGrid:None EditorOnly:0 RuntimeOnly:0 HLODRelevant:1 ListedInSceneOutliner:1 IsMainWorldOnly:0 FolderPath:Playground FolderGuid:6C02BB504B69D1F3D7A624B130C18E5B
 |   |   |- [+] [ 12]
 |   |   |   |- Guid:565095DF420A44E5530007A09A70E00B BaseClass: NativeClass:/Script/Engine.StaticMeshActor Name:StaticMeshActor_UAID_D843AE612FD6265F02_1428816519 Label:SM_Cube13 SpatiallyLoaded:1 Bounds:IsValid=true, Min=(X=600.000 Y=100040.000 Z=-50.000), Max=(X=700.000 Y=100240.000 Z=650.000) RuntimeGrid:None EditorOnly:0 RuntimeOnly:0 HLODRelevant:1 ListedInSceneOutliner:1 IsMainWorldOnly:0 FolderPath:Playground FolderGuid:6C02BB504B69D1F3D7A624B130C18E5B
 |   |   |- [+] [ 13]
 |   |   |   |- Guid:5FE7584649BB6F09265329A6C57CFD0D BaseClass: NativeClass:/Script/Engine.VolumetricCloud Name:VolumetricCloud_0 Label:VolumetricCloud SpatiallyLoaded:0 Bounds:IsValid=true, Min=(X=0.000 Y=0.000 Z=820.000), Max=(X=0.000 Y=0.000 Z=820.000) RuntimeGrid:None EditorOnly:0 RuntimeOnly:0 HLODRelevant:0 ListedInSceneOutliner:1 IsMainWorldOnly:0 FolderPath:Lighting FolderGuid:0BA5F0A04EADB18E70D5B180D08FA34B
 |   |   |- [+] [ 14]
 |   |   |   |- Guid:61391D344900612A77DFC3BA3E354907 BaseClass: NativeClass:/Script/Engine.ExponentialHeightFog Name:ExponentialHeightFog_0 Label:ExponentialHeightFog SpatiallyLoaded:0 Bounds:IsValid=true, Min=(X=-5600.000 Y=-50.000 Z=-6850.000), Max=(X=-5600.000 Y=-50.000 Z=-6850.000) RuntimeGrid:None EditorOnly:0 RuntimeOnly:0 HLODRelevant:0 ListedInSceneOutliner:1 IsMainWorldOnly:0 FolderPath:Lighting FolderGuid:0BA5F0A04EADB18E70D5B180D08FA34B
 |   |   |- [+] [ 15]
 |   |   |   |- Guid:628C2B48437114D3C4D077A9D9675651 BaseClass: NativeClass:/Script/Engine.StaticMeshActor Name:StaticMeshActor_UAID_D843AE612FD6F96102_1408138762 Label:SM_Cube28 SpatiallyLoaded:1 Bounds:IsValid=true, Min=(X=1900.000 Y=890.000 Z=-750.000), Max=(X=2500.000 Y=990.000 Z=-50.000) RuntimeGrid:None EditorOnly:0 RuntimeOnly:0 HLODRelevant:1 ListedInSceneOutliner:1 IsMainWorldOnly:0 FolderPath:Playground FolderGuid:6C02BB504B69D1F3D7A624B130C18E5B
 |   |   |- [+] [ 16]
 |   |   |   |- Guid:6FEFB3BD4EB37B849EF0D4AC80F83855 BaseClass: NativeClass:/Script/Engine.WorldDataLayers Name:WorldDataLayers Label:WorldDataLayers SpatiallyLoaded:0 Bounds:IsValid=true, Min=(X=0.000 Y=0.000 Z=0.000), Max=(X=0.000 Y=0.000 Z=0.000) RuntimeGrid:None EditorOnly:0 RuntimeOnly:0 HLODRelevant:0 ListedInSceneOutliner:1 IsMainWorldOnly:1
 |   |   |- [+] [ 17]
 |   |   |   |- Guid:76D7030C429D8CE4296599B1CE25CF02 BaseClass: NativeClass:/Script/Engine.StaticMeshActor Name:StaticMeshActor_UAID_D843AE612FD6245F02_1744038154 Label:SM_Cube5 SpatiallyLoaded:1 Bounds:IsValid=true, Min=(X=600.000 Y=40.000 Z=-50.000), Max=(X=700.000 Y=240.000 Z=650.000) RuntimeGrid:None EditorOnly:0 RuntimeOnly:0 HLODRelevant:1 ListedInSceneOutliner:1 IsMainWorldOnly:0 FolderPath:Playground FolderGuid:6C02BB504B69D1F3D7A624B130C18E5B
 |   |   |- [+] [ 18]
 |   |   |   |- Guid:78CAF7514C7533F30BD2F19A017AAB65 BaseClass: NativeClass:/Script/Engine.StaticMeshActor Name:StaticMeshActor_0 Label:SM_Cube SpatiallyLoaded:1 Bounds:IsValid=true, Min=(X=0.000 Y=40.000 Z=-50.000), Max=(X=1900.000 Y=890.000 Z=0.000) RuntimeGrid:None EditorOnly:0 RuntimeOnly:0 HLODRelevant:1 ListedInSceneOutliner:1 IsMainWorldOnly:0 FolderPath:Playground FolderGuid:6C02BB504B69D1F3D7A624B130C18E5B
 |   |   |- [+] [ 19]
 |   |   |   |- Guid:8324246447735A69CEF4179E50268B25 BaseClass: NativeClass:/Script/Engine.StaticMeshActor Name:StaticMeshActor_UAID_D843AE612FD6F96102_1280793753 Label:SM_Cube17 SpatiallyLoaded:1 Bounds:IsValid=true, Min=(X=1900.000 Y=890.000 Z=-50.000), Max=(X=2500.000 Y=990.000 Z=650.000) RuntimeGrid:None EditorOnly:0 RuntimeOnly:0 HLODRelevant:1 ListedInSceneOutliner:1 IsMainWorldOnly:0 FolderPath:Playground FolderGuid:6C02BB504B69D1F3D7A624B130C18E5B
 |   |   |- [+] [ 20]
 |   |   |   |- Guid:92A0E3D849F8ABC4461118A158C3672D BaseClass: NativeClass:/Script/Engine.StaticMeshActor Name:StaticMeshActor_UAID_D843AE612FD6265F02_1428818520 Label:SM_Cube14 SpatiallyLoaded:1 Bounds:IsValid=true, Min=(X=600.000 Y=100690.000 Z=0.000), Max=(X=700.000 Y=100890.000 Z=650.000) RuntimeGrid:None EditorOnly:0 RuntimeOnly:0 HLODRelevant:1 ListedInSceneOutliner:1 IsMainWorldOnly:0 FolderPath:Playground FolderGuid:6C02BB504B69D1F3D7A624B130C18E5B
 |   |   |- [+] [ 21]
 |   |   |   |- Guid:9942B1194742C81AD8FEADA3758FCFFE BaseClass:/Game/PropsNStuff/TUTMSGS/TSTut_BP.TSTut_BP_C NativeClass:/Script/Engine.Actor Name:TSTut_BP_C_UAID_D843AE612FD6255F02_1549946338 Label:TSTut_BP SpatiallyLoaded:1 Bounds:IsValid=true, Min=(X=444.000 Y=157.000 Z=50.000), Max=(X=460.000 Y=733.000 Z=290.000) RuntimeGrid:None EditorOnly:0 RuntimeOnly:0 HLODRelevant:0 ListedInSceneOutliner:1 IsMainWorldOnly:0
 |   |   |- [+] [ 22]
 |   |   |   |- Guid:A162DA9143278B00611D0198AC1A261E BaseClass: NativeClass:/Script/Engine.StaticMeshActor Name:StaticMeshActor_UAID_D843AE612FD6265F02_1428819521 Label:SM_Cube15 SpatiallyLoaded:1 Bounds:IsValid=true, Min=(X=600.000 Y=100240.000 Z=350.000), Max=(X=700.000 Y=100690.000 Z=650.000) RuntimeGrid:None EditorOnly:0 RuntimeOnly:0 HLODRelevant:1 ListedInSceneOutliner:1 IsMainWorldOnly:0 FolderPath:Playground FolderGuid:6C02BB504B69D1F3D7A624B130C18E5B
 |   |   |- [+] [ 23]
 |   |   |   |- Guid:A1D1F5E845C0907D3C013E90B30A5D37 BaseClass: NativeClass:/Script/Engine.StaticMeshActor Name:StaticMeshActor_UAID_D843AE612FD6265F02_1632045526 Label:SM_Cube19 SpatiallyLoaded:1 Bounds:IsValid=true, Min=(X=3700.000 Y=100040.000 Z=-50.000), Max=(X=4600.000 Y=100890.000 Z=0.000) RuntimeGrid:None EditorOnly:0 RuntimeOnly:0 HLODRelevant:1 ListedInSceneOutliner:1 IsMainWorldOnly:0 FolderPath:Playground FolderGuid:6C02BB504B69D1F3D7A624B130C18E5B
 |   |   |- [+] [ 24]
 |   |   |   |- Guid:A354B1B24E617A525DC6B48CCDE2417E BaseClass: NativeClass:/Script/Engine.PlayerStart Name:PlayerStart_0 Label:PlayerStart SpatiallyLoaded:0 Bounds:IsValid=true, Min=(X=95.000 Y=435.000 Z=0.013), Max=(X=175.000 Y=515.000 Z=184.013) RuntimeGrid:None EditorOnly:0 RuntimeOnly:0 HLODRelevant:0 ListedInSceneOutliner:1 IsMainWorldOnly:0
 |   |   |- [+] [ 25]
 |   |   |   |- Guid:A5E611724ED3DB252AFE1EBF113EC476 BaseClass: NativeClass:/Script/Engine.StaticMeshActor Name:StaticMeshActor_UAID_D843AE612FD6245F02_1770447156 Label:SM_Cube7 SpatiallyLoaded:1 Bounds:IsValid=true, Min=(X=600.000 Y=240.000 Z=350.000), Max=(X=700.000 Y=690.000 Z=650.000) RuntimeGrid:None EditorOnly:0 RuntimeOnly:0 HLODRelevant:1 ListedInSceneOutliner:1 IsMainWorldOnly:0 FolderPath:Playground FolderGuid:6C02BB504B69D1F3D7A624B130C18E5B
 |   |   |- [+] [ 26]
 |   |   |   |- Guid:AD7322D5457FEBDCD4C55E9A02154D38 BaseClass: NativeClass:/Script/Engine.StaticMeshActor Name:StaticMeshActor_UAID_D843AE612FD6F96102_1411642763 Label:SM_Cube29 SpatiallyLoaded:1 Bounds:IsValid=true, Min=(X=3100.000 Y=890.000 Z=-750.000), Max=(X=3700.000 Y=990.000 Z=-50.000) RuntimeGrid:None EditorOnly:0 RuntimeOnly:0 HLODRelevant:1 ListedInSceneOutliner:1 IsMainWorldOnly:0 FolderPath:Playground FolderGuid:6C02BB504B69D1F3D7A624B130C18E5B
 |   |   |- [+] [ 27]
 |   |   |   |- Guid:B80E55AC40E4F5D4944DEA807685F38C BaseClass: NativeClass:/Script/Engine.StaticMeshActor Name:StaticMeshActor_UAID_D843AE612FD6F96102_1197925751 Label:SM_Cube20 SpatiallyLoaded:1 Bounds:IsValid=true, Min=(X=3700.000 Y=40.000 Z=-50.000), Max=(X=5000.000 Y=890.000 Z=0.000) RuntimeGrid:None EditorOnly:0 RuntimeOnly:0 HLODRelevant:1 ListedInSceneOutliner:1 IsMainWorldOnly:0 FolderPath:Playground FolderGuid:6C02BB504B69D1F3D7A624B130C18E5B
 |   |   |- [+] [ 28]
 |   |   |   |- Guid:BA77A12F43BB0D070493A78B39DE174F BaseClass: NativeClass:/Script/Engine.StaticMeshActor Name:StaticMeshActor_UAID_D843AE612FD6265F02_1428812515 Label:SM_Cube9 SpatiallyLoaded:1 Bounds:IsValid=true, Min=(X=0.000 Y=100040.000 Z=-50.000), Max=(X=1900.000 Y=100890.000 Z=0.000) RuntimeGrid:None EditorOnly:0 RuntimeOnly:0 HLODRelevant:1 ListedInSceneOutliner:1 IsMainWorldOnly:0 FolderPath:Playground FolderGuid:6C02BB504B69D1F3D7A624B130C18E5B
 |   |   |- [+] [ 29]
 |   |   |   |- Guid:C22CE07C4B87D685137FDBBC10FC92C6 BaseClass: NativeClass:/Script/Engine.SkyAtmosphere Name:SkyAtmosphere_0 Label:SkyAtmosphere SpatiallyLoaded:0 Bounds:IsValid=true, Min=(X=0.000 Y=0.000 Z=1020.000), Max=(X=0.000 Y=0.000 Z=1020.000) RuntimeGrid:None EditorOnly:0 RuntimeOnly:0 HLODRelevant:0 ListedInSceneOutliner:1 IsMainWorldOnly:0 FolderPath:Lighting FolderGuid:0BA5F0A04EADB18E70D5B180D08FA34B
 |   |   |- [+] [ 30]
 |   |   |   |- Guid:CBFF60CB47E8FF0C9E264BBE225022C1 BaseClass: NativeClass:/Script/Engine.StaticMeshActor Name:StaticMeshActor_UAID_D843AE612FD6F96102_1227372752 Label:SM_Cube21 SpatiallyLoaded:1 Bounds:IsValid=true, Min=(X=5000.000 Y=40.000 Z=-50.000), Max=(X=5850.000 Y=2515.000 Z=0.000) RuntimeGrid:None EditorOnly:0 RuntimeOnly:0 HLODRelevant:1 ListedInSceneOutliner:1 IsMainWorldOnly:0 FolderPath:Playground FolderGuid:6C02BB504B69D1F3D7A624B130C18E5B
 |   |   |- [+] [ 31]
 |   |   |   |- Guid:CE8D82634660FCDB3120E2B8D547C533 BaseClass: NativeClass:/Script/Engine.PostProcessVolume Name:PostProcessVolume_0 Label:PostProcessVolume SpatiallyLoaded:0 Bounds:IsValid=true, Min=(X=0.000 Y=0.000 Z=400.000), Max=(X=200.000 Y=200.000 Z=600.000) RuntimeGrid:None EditorOnly:0 RuntimeOnly:0 HLODRelevant:0 ListedInSceneOutliner:1 IsMainWorldOnly:0 FolderPath:Lighting FolderGuid:0BA5F0A04EADB18E70D5B180D08FA34B
 |   |   |- [+] [ 32]
 |   |   |   |- Guid:CFE8BC83497FE7BE0C56A29094925B93 BaseClass: NativeClass:/Script/Engine.StaticMeshActor Name:StaticMeshActor_UAID_D843AE612FD6F96102_1348805758 Label:SM_Cube25 SpatiallyLoaded:1 Bounds:IsValid=true, Min=(X=1900.000 Y=-60.000 Z=-750.000), Max=(X=3825.000 Y=40.000 Z=-50.000) RuntimeGrid:None EditorOnly:0 RuntimeOnly:0 HLODRelevant:1 ListedInSceneOutliner:1 IsMainWorldOnly:0 FolderPath:Playground FolderGuid:6C02BB504B69D1F3D7A624B130C18E5B
 |   |   |- [+] [ 33]
 |   |   |   |- Guid:D403FD8944DF8AD3AA18A89AFA33ADD4 BaseClass: NativeClass:/Script/Engine.StaticMeshActor Name:StaticMeshActor_UAID_D843AE612FD6265F02_1428816518 Label:SM_Cube12 SpatiallyLoaded:1 Bounds:IsValid=true, Min=(X=0.000 Y=100890.000 Z=-50.000), Max=(X=1900.000 Y=100990.000 Z=650.000) RuntimeGrid:None EditorOnly:0 RuntimeOnly:0 HLODRelevant:1 ListedInSceneOutliner:1 IsMainWorldOnly:0 FolderPath:Playground FolderGuid:6C02BB504B69D1F3D7A624B130C18E5B
 |   |   |- [+] [ 34]
 |   |   |   |- Guid:E07D59F14F058A7E91D0C89A11B19695 BaseClass: NativeClass:/Script/Engine.StaticMeshActor Name:StaticMeshActor_UAID_D843AE612FD6245F02_1766869155 Label:SM_Cube6 SpatiallyLoaded:1 Bounds:IsValid=true, Min=(X=600.000 Y=690.000 Z=0.000), Max=(X=700.000 Y=890.000 Z=650.000) RuntimeGrid:None EditorOnly:0 RuntimeOnly:0 HLODRelevant:1 ListedInSceneOutliner:1 IsMainWorldOnly:0 FolderPath:Playground FolderGuid:6C02BB504B69D1F3D7A624B130C18E5B
 |   |   |- [+] [ 35]
 |   |   |   |- Guid:E2D96FB24E6A331CB91A37A067621540 BaseClass:/Game/PropsNStuff/LaserHasard_BP.LaserHasard_BP_C NativeClass:/Script/Engine.Actor Name:LaserHasard_BP_C_UAID_D843AE612FD6245F02_1924327161 Label:LaserHasard_BP4 SpatiallyLoaded:1 Bounds:IsValid=true, Min=(X=622.000 Y=202.500 Z=142.000), Max=(X=678.000 Y=727.500 Z=198.000) RuntimeGrid:None EditorOnly:0 RuntimeOnly:0 HLODRelevant:0 ListedInSceneOutliner:1 IsMainWorldOnly:0
 |   |   |- [+] [ 36]
 |   |   |   |- Guid:E5320C1B4FD9764CE7B54D8487AEC613 BaseClass: NativeClass:/Script/Engine.SkyLight Name:SkyLight_0 Label:SkyLight SpatiallyLoaded:0 Bounds:IsValid=true, Min=(X=0.000 Y=0.000 Z=690.000), Max=(X=0.000 Y=0.000 Z=690.000) RuntimeGrid:None EditorOnly:0 RuntimeOnly:0 HLODRelevant:0 ListedInSceneOutliner:1 IsMainWorldOnly:0 FolderPath:Lighting FolderGuid:0BA5F0A04EADB18E70D5B180D08FA34B
 |   |   |- [+] [ 37]
 |   |   |   |- Guid:EBC990054CA8FF31FAC2ACA2E6A19333 BaseClass:/Game/PropsNStuff/LaserHasard_BP.LaserHasard_BP_C NativeClass:/Script/Engine.Actor Name:LaserHasard_BP_C_UAID_D843AE612FD6245F02_1887908159 Label:LaserHasard_BP2 SpatiallyLoaded:1 Bounds:IsValid=true, Min=(X=622.000 Y=202.500 Z=42.000), Max=(X=678.000 Y=727.500 Z=98.000) RuntimeGrid:None EditorOnly:0 RuntimeOnly:0 HLODRelevant:0 ListedInSceneOutliner:1 IsMainWorldOnly:0
 |   |   |- [+] [ 38]
 |   |   |   |- Guid:EE66F4454A4A9F99393F559AB739C05E BaseClass:/Game/FirstPerson/Blueprints/BP_Pickup_Rifle.BP_Pickup_Rifle_C NativeClass:/Script/Engine.Actor Name:BP_Rifle_C_1 Label:BP_Pickup_Rifle SpatiallyLoaded:1 Bounds:IsValid=true, Min=(X=1378.000 Y=818.000 Z=64.000), Max=(X=1442.000 Y=882.000 Z=128.000) RuntimeGrid:None EditorOnly:0 RuntimeOnly:0 HLODRelevant:0 ListedInSceneOutliner:1 IsMainWorldOnly:0
 |   |   |- [+] [ 39]
 |   |   |   |- Guid:F80621C9446867154938FE81375207DA BaseClass: NativeClass:/Script/Engine.DirectionalLight Name:DirectionalLight_1 Label:DirectionalLight SpatiallyLoaded:0 Bounds:IsValid=true, Min=(X=-1048576.000 Y=-1048576.000 Z=-1048576.000), Max=(X=1048576.000 Y=1048576.000 Z=1048576.000) RuntimeGrid:None EditorOnly:0 RuntimeOnly:0 HLODRelevant:0 ListedInSceneOutliner:1 IsMainWorldOnly:0 FolderPath:Lighting FolderGuid:0BA5F0A04EADB18E70D5B180D08FA34B
 |   |   |- [+] [ 40]
 |   |   |   |- Guid:FC71DAAB47CC152FAA0E0E9F1A770F85 BaseClass: NativeClass:/Script/Engine.StaticMeshActor Name:StaticMeshActor_UAID_D843AE612FD6245F02_1730913153 Label:SM_Cube4 SpatiallyLoaded:1 Bounds:IsValid=true, Min=(X=0.000 Y=890.000 Z=-50.000), Max=(X=1900.000 Y=990.000 Z=650.000) RuntimeGrid:None EditorOnly:0 RuntimeOnly:0 HLODRelevant:1 ListedInSceneOutliner:1 IsMainWorldOnly:0 FolderPath:Playground FolderGuid:6C02BB504B69D1F3D7A624B130C18E5B
 |   |   |- [+] [ 41]
 |   |   |   |- Guid:FFF71A894DF5690EBB416BA14441AB86 BaseClass: NativeClass:/Script/Engine.StaticMeshActor Name:StaticMeshActor_UAID_D843AE612FD6245F02_1825152157 Label:SM_Cube8 SpatiallyLoaded:1 Bounds:IsValid=true, Min=(X=100.000 Y=40.000 Z=500.000), Max=(X=600.000 Y=890.000 Z=650.000) RuntimeGrid:None EditorOnly:0 RuntimeOnly:0 HLODRelevant:1 ListedInSceneOutliner:1 IsMainWorldOnly:0 FolderPath:Playground FolderGuid:6C02BB504B69D1F3D7A624B130C18E5B
 |- ContainerInstances:
 |- [+] MainContainer:
 |   |-        ID: 00000000000000000000000000000000
 |   |-  ParentID: 00000000000000000000000000000000
 |   |-    Bounds: IsValid=false, Min=(X=0.000 Y=0.000 Z=0.000), Max=(X=0.000 Y=0.000 Z=0.000)
 |   |- Transform: 0.000000,0.000000,0.000000|0.000000,0.000000,-0.000000|1.000000,1.000000,1.000000
 |   |- Container: /Game/FirstPerson/Maps/FirstPersonMap
----------------------------------------------------------------------------------------------------------------
FirstPersonMap - Persistent Level
----------------------------------------------------------------------------------------------------------------
[+] Content of FirstPersonMap Persistent Level
 |- Always loaded Actor Count: 42 
 |- Actor Path: /Game/FirstPerson/Maps/FirstPersonMap.FirstPersonMap:PersistentLevel.BP_Rifle_C_1
 |- Actor Package: /Game/__ExternalActors__/FirstPerson/Maps/FirstPersonMap/5/8C/EAHCBN229IT8APJO305AH5
 |- Actor Path: /Game/FirstPerson/Maps/FirstPersonMap.FirstPersonMap:PersistentLevel.DirectionalLight_1
 |- Actor Package: /Game/__ExternalActors__/FirstPerson/Maps/FirstPersonMap/0/WB/V4ALNTJYOVWM8BU452CKV5
 |- Actor Path: /Game/FirstPerson/Maps/FirstPersonMap.FirstPersonMap:PersistentLevel.ExponentialHeightFog_0
 |- Actor Package: /Game/__ExternalActors__/FirstPerson/Maps/FirstPersonMap/0/CL/381LM03PFI8AF9NED1SEV2
 |- Actor Path: /Game/FirstPerson/Maps/FirstPersonMap.FirstPersonMap:PersistentLevel.LaserHasard_BP_C_UAID_D843AE612FD6245F02_1887908159
 |- Actor Package: /Game/__ExternalActors__/FirstPerson/Maps/FirstPersonMap/7/3W/H1JIDZ1W7O6WZ9CBP2TI0U
 |- Actor Path: /Game/FirstPerson/Maps/FirstPersonMap.FirstPersonMap:PersistentLevel.LaserHasard_BP_C_UAID_D843AE612FD6245F02_1921186160
 |- Actor Package: /Game/__ExternalActors__/FirstPerson/Maps/FirstPersonMap/5/DI/K51PVJC6AUBU8SJR58B8GR
 |- Actor Path: /Game/FirstPerson/Maps/FirstPersonMap.FirstPersonMap:PersistentLevel.LaserHasard_BP_C_UAID_D843AE612FD6245F02_1924327161
 |- Actor Package: /Game/__ExternalActors__/FirstPerson/Maps/FirstPersonMap/D/R7/P9FOXOJ1GBP21DQ695H5NZ
 |- Actor Path: /Game/FirstPerson/Maps/FirstPersonMap.FirstPersonMap:PersistentLevel.PlayerStart_0
 |- Actor Package: /Game/__ExternalActors__/FirstPerson/Maps/FirstPersonMap/8/Z7/W1SXRCM1KAKBJOIZDLHZ47
 |- Actor Path: /Game/FirstPerson/Maps/FirstPersonMap.FirstPersonMap:PersistentLevel.PostProcessVolume_0
 |- Actor Package: /Game/__ExternalActors__/FirstPerson/Maps/FirstPersonMap/E/MX/R1GV431P5FDO08OFULRA01
 |- Actor Path: /Game/FirstPerson/Maps/FirstPersonMap.FirstPersonMap:PersistentLevel.SkyAtmosphere_0
 |- Actor Package: /Game/__ExternalActors__/FirstPerson/Maps/FirstPersonMap/C/VO/VMN4G7K3NKKV6F8HTPHHDB
 |- Actor Path: /Game/FirstPerson/Maps/FirstPersonMap.FirstPersonMap:PersistentLevel.SkyLight_0
 |- Actor Package: /Game/__ExternalActors__/FirstPerson/Maps/FirstPersonMap/6/0Z/5RQIHCZ9W3UXRGL4LTLQAK
 |- Actor Path: /Game/FirstPerson/Maps/FirstPersonMap.FirstPersonMap:PersistentLevel.StaticMeshActor_0
 |- Actor Package: /Game/__ExternalActors__/FirstPerson/Maps/FirstPersonMap/7/L5/1ZJ54FMA0DAL3I2Q8RFAIB
 |- Actor Path: /Game/FirstPerson/Maps/FirstPersonMap.FirstPersonMap:PersistentLevel.StaticMeshActor_UAID_D843AE612FD6245F02_1703517151
 |- Actor Package: /Game/__ExternalActors__/FirstPerson/Maps/FirstPersonMap/D/RU/S1UC9KVKFRRXFZKU8JZ3MS
 |- Actor Path: /Game/FirstPerson/Maps/FirstPersonMap.FirstPersonMap:PersistentLevel.StaticMeshActor_UAID_D843AE612FD6245F02_1715128152
 |- Actor Package: /Game/__ExternalActors__/FirstPerson/Maps/FirstPersonMap/4/UK/AP0EEF2SX6DG7OQESE1DWC
 |- Actor Path: /Game/FirstPerson/Maps/FirstPersonMap.FirstPersonMap:PersistentLevel.StaticMeshActor_UAID_D843AE612FD6245F02_1730913153
 |- Actor Package: /Game/__ExternalActors__/FirstPerson/Maps/FirstPersonMap/A/PT/3Z442YXQHCWJ39HM76JX48
 |- Actor Path: /Game/FirstPerson/Maps/FirstPersonMap.FirstPersonMap:PersistentLevel.StaticMeshActor_UAID_D843AE612FD6245F02_1744038154
 |- Actor Package: /Game/__ExternalActors__/FirstPerson/Maps/FirstPersonMap/5/MJ/E3Q3XG683IGETAZ9LS5OJ7
 |- Actor Path: /Game/FirstPerson/Maps/FirstPersonMap.FirstPersonMap:PersistentLevel.StaticMeshActor_UAID_D843AE612FD6245F02_1766869155
 |- Actor Package: /Game/__ExternalActors__/FirstPerson/Maps/FirstPersonMap/B/OH/5LUJ043MDLFR0KWD5TMPYY
 |- Actor Path: /Game/FirstPerson/Maps/FirstPersonMap.FirstPersonMap:PersistentLevel.StaticMeshActor_UAID_D843AE612FD6245F02_1770447156
 |- Actor Package: /Game/__ExternalActors__/FirstPerson/Maps/FirstPersonMap/7/HS/K5OTEOXX7RBK9QKCARCEDK
 |- Actor Path: /Game/FirstPerson/Maps/FirstPersonMap.FirstPersonMap:PersistentLevel.StaticMeshActor_UAID_D843AE612FD6245F02_1825152157
 |- Actor Package: /Game/__ExternalActors__/FirstPerson/Maps/FirstPersonMap/B/ET/AP191S2K90ZLAZZM4SHPHJ
 |- Actor Path: /Game/FirstPerson/Maps/FirstPersonMap.FirstPersonMap:PersistentLevel.StaticMeshActor_UAID_D843AE612FD6265F02_1428812515
 |- Actor Package: /Game/__ExternalActors__/FirstPerson/Maps/FirstPersonMap/9/P9/Q9GXFZSO5VU03HJGP9KVYQ
 |- Actor Path: /Game/FirstPerson/Maps/FirstPersonMap.FirstPersonMap:PersistentLevel.StaticMeshActor_UAID_D843AE612FD6265F02_1428813516
 |- Actor Package: /Game/__ExternalActors__/FirstPerson/Maps/FirstPersonMap/7/79/97O7I93L2C8KBBTEO3URMJ
 |- Actor Path: /Game/FirstPerson/Maps/FirstPersonMap.FirstPersonMap:PersistentLevel.StaticMeshActor_UAID_D843AE612FD6265F02_1428815517
 |- Actor Package: /Game/__ExternalActors__/FirstPerson/Maps/FirstPersonMap/0/OM/6KFI4VHIO5A6UV4SG9M6JL
 |- Actor Path: /Game/FirstPerson/Maps/FirstPersonMap.FirstPersonMap:PersistentLevel.StaticMeshActor_UAID_D843AE612FD6265F02_1428816518
 |- Actor Package: /Game/__ExternalActors__/FirstPerson/Maps/FirstPersonMap/8/2K/1EHG1GM7W7C9PW9UHVYTZS
 |- Actor Path: /Game/FirstPerson/Maps/FirstPersonMap.FirstPersonMap:PersistentLevel.StaticMeshActor_UAID_D843AE612FD6265F02_1428816519
 |- Actor Package: /Game/__ExternalActors__/FirstPerson/Maps/FirstPersonMap/D/9D/3EMNHJ5J4IDFI939EL2811
 |- Actor Path: /Game/FirstPerson/Maps/FirstPersonMap.FirstPersonMap:PersistentLevel.StaticMeshActor_UAID_D843AE612FD6265F02_1428818520
 |- Actor Package: /Game/__ExternalActors__/FirstPerson/Maps/FirstPersonMap/3/3G/090WINP9RXI6OKJEGW0I42
 |- Actor Path: /Game/FirstPerson/Maps/FirstPersonMap.FirstPersonMap:PersistentLevel.StaticMeshActor_UAID_D843AE612FD6265F02_1428819521
 |- Actor Package: /Game/__ExternalActors__/FirstPerson/Maps/FirstPersonMap/A/5I/RA9PK6GZZH5D4ZMRRUOB11
 |- Actor Path: /Game/FirstPerson/Maps/FirstPersonMap.FirstPersonMap:PersistentLevel.StaticMeshActor_UAID_D843AE612FD6265F02_1428820522
 |- Actor Package: /Game/__ExternalActors__/FirstPerson/Maps/FirstPersonMap/6/1F/ZYKLWFLKWZP6OOPE91RBY4
 |- Actor Path: /Game/FirstPerson/Maps/FirstPersonMap.FirstPersonMap:PersistentLevel.StaticMeshActor_UAID_D843AE612FD6265F02_1632045526
 |- Actor Package: /Game/__ExternalActors__/FirstPerson/Maps/FirstPersonMap/5/AM/HRDCV2J0GENR800T11BEWY
 |- Actor Path: /Game/FirstPerson/Maps/FirstPersonMap.FirstPersonMap:PersistentLevel.StaticMeshActor_UAID_D843AE612FD6F96102_1197925751
 |- Actor Package: /Game/__ExternalActors__/FirstPerson/Maps/FirstPersonMap/3/SI/3VPIMTEUMO4STSELXP8MB1
 |- Actor Path: /Game/FirstPerson/Maps/FirstPersonMap.FirstPersonMap:PersistentLevel.StaticMeshActor_UAID_D843AE612FD6F96102_1227372752
 |- Actor Package: /Game/__ExternalActors__/FirstPerson/Maps/FirstPersonMap/D/W3/KIZ9JWRC5XCORJ4JDTQRP9
 |- Actor Path: /Game/FirstPerson/Maps/FirstPersonMap.FirstPersonMap:PersistentLevel.StaticMeshActor_UAID_D843AE612FD6F96102_1280793753
 |- Actor Package: /Game/__ExternalActors__/FirstPerson/Maps/FirstPersonMap/D/IM/8HPLVIC2V664BCVBZTL6OF
 |- Actor Path: /Game/FirstPerson/Maps/FirstPersonMap.FirstPersonMap:PersistentLevel.StaticMeshActor_UAID_D843AE612FD6F96102_1286481754
 |- Actor Package: /Game/__ExternalActors__/FirstPerson/Maps/FirstPersonMap/A/S7/KETPEJ0XNKAKN7WMHO5ZID
 |- Actor Path: /Game/FirstPerson/Maps/FirstPersonMap.FirstPersonMap:PersistentLevel.StaticMeshActor_UAID_D843AE612FD6F96102_1289580755
 |- Actor Package: /Game/__ExternalActors__/FirstPerson/Maps/FirstPersonMap/A/8J/6IQC3JHTGZ1AS8CPOG0TQG
 |- Actor Path: /Game/FirstPerson/Maps/FirstPersonMap.FirstPersonMap:PersistentLevel.StaticMeshActor_UAID_D843AE612FD6F96102_1326764757
 |- Actor Package: /Game/__ExternalActors__/FirstPerson/Maps/FirstPersonMap/D/65/HSB80K26X9AK925WD4V795
 |- Actor Path: /Game/FirstPerson/Maps/FirstPersonMap.FirstPersonMap:PersistentLevel.StaticMeshActor_UAID_D843AE612FD6F96102_1348805758
 |- Actor Package: /Game/__ExternalActors__/FirstPerson/Maps/FirstPersonMap/7/ZQ/NNKBJHJQJAXNHM0MBH74JZ
 |- Actor Path: /Game/FirstPerson/Maps/FirstPersonMap.FirstPersonMap:PersistentLevel.StaticMeshActor_UAID_D843AE612FD6F96102_1366894759
 |- Actor Package: /Game/__ExternalActors__/FirstPerson/Maps/FirstPersonMap/5/LV/TWBM8YSMLYZ5PNIGT1YDTI
 |- Actor Path: /Game/FirstPerson/Maps/FirstPersonMap.FirstPersonMap:PersistentLevel.StaticMeshActor_UAID_D843AE612FD6F96102_1373899760
 |- Actor Package: /Game/__ExternalActors__/FirstPerson/Maps/FirstPersonMap/2/4X/XWJWGX3NSW29AD1AOPLNOX
 |- Actor Path: /Game/FirstPerson/Maps/FirstPersonMap.FirstPersonMap:PersistentLevel.StaticMeshActor_UAID_D843AE612FD6F96102_1386457761
 |- Actor Package: /Game/__ExternalActors__/FirstPerson/Maps/FirstPersonMap/A/C4/ZMQ0ID02YQCXBIGDQJJ7AS
 |- Actor Path: /Game/FirstPerson/Maps/FirstPersonMap.FirstPersonMap:PersistentLevel.StaticMeshActor_UAID_D843AE612FD6F96102_1408138762
 |- Actor Package: /Game/__ExternalActors__/FirstPerson/Maps/FirstPersonMap/D/QE/MVMOBGLFNJ0FNUIS1XRS7N
 |- Actor Path: /Game/FirstPerson/Maps/FirstPersonMap.FirstPersonMap:PersistentLevel.StaticMeshActor_UAID_D843AE612FD6F96102_1411642763
 |- Actor Package: /Game/__ExternalActors__/FirstPerson/Maps/FirstPersonMap/0/MA/3623C6T4HMPLNHNOM13VWE
 |- Actor Path: /Game/FirstPerson/Maps/FirstPersonMap.FirstPersonMap:PersistentLevel.TSTut_BP_C_UAID_D843AE612FD6255F02_1549946338
 |- Actor Package: /Game/__ExternalActors__/FirstPerson/Maps/FirstPersonMap/8/86/P25519CKA7RNQ6HMOL4VJC
 |- Actor Path: /Game/FirstPerson/Maps/FirstPersonMap.FirstPersonMap:PersistentLevel.VolumetricCloud_0
 |- Actor Package: /Game/__ExternalActors__/FirstPerson/Maps/FirstPersonMap/0/GO/I8WEFD3RY9V3NVQLSU6QM4
 |- Actor Path: /Game/FirstPerson/Maps/FirstPersonMap.FirstPersonMap:PersistentLevel.WorldDataLayers
 |- Actor Package: /Game/__ExternalActors__/FirstPerson/Maps/FirstPersonMap/D/0W/E1FKEGVKGOLM7HGLQPCIPO

----------------------------------------------------------------------------------------------------------------
FirstPersonMap - Runtime Hash Set
----------------------------------------------------------------------------------------------------------------

